[debug] [2022-01-22T12:28:10.193Z] ----------------------------------------------------------------------
[debug] [2022-01-22T12:28:10.201Z] Command:       C:\Program Files\nodejs\node.exe C:\Users\BRIAN\AppData\Roaming\npm\node_modules\firebase-tools\lib\bin\firebase.js emulators:start
[debug] [2022-01-22T12:28:10.203Z] CLI Version:   10.1.0
[debug] [2022-01-22T12:28:10.203Z] Platform:      win32
[debug] [2022-01-22T12:28:10.204Z] Node Version:  v14.15.4
[debug] [2022-01-22T12:28:10.207Z] Time:          Sat Jan 22 2022 15:28:10 GMT+0300 (East Africa Time)
[debug] [2022-01-22T12:28:10.208Z] ----------------------------------------------------------------------
[debug] 
[debug] [2022-01-22T12:28:10.240Z] >>> [apiv2][query] GET https://firebase-public.firebaseio.com/cli.json [none]
[debug] [2022-01-22T12:28:10.554Z] > command requires scopes: ["email","openid","https://www.googleapis.com/auth/cloudplatformprojects.readonly","https://www.googleapis.com/auth/firebase","https://www.googleapis.com/auth/cloud-platform"]
[debug] [2022-01-22T12:28:10.554Z] > authorizing via signed-in user (kipropbrian34@gmail.com)
[info] i  emulators: Starting emulators: functions, hosting {"metadata":{"emulator":{"name":"hub"},"message":"Starting emulators: functions, hosting"}}
[debug] [2022-01-22T12:28:10.637Z] [hub] writing locator at C:\Users\BRIAN\AppData\Local\Temp\hub-clone-c5504.json
[warn] !  functions: The following emulators are not running, calls to these services from the Functions emulator will affect production: auth, firestore, database, pubsub, storage {"metadata":{"emulator":{"name":"functions"},"message":"The following emulators are not running, calls to these services from the Functions emulator will affect production: \u001b[1mauth, firestore, database, pubsub, storage\u001b[22m"}}
[warn] !  Your requested "node" version "16" doesn't match your global version "14" {"metadata":{"emulator":{"name":"functions"},"message":"Your requested \"node\" version \"16\" doesn't match your global version \"14\""}}
[debug] [2022-01-22T12:28:10.677Z] defaultcredentials: writing to file C:\Users\BRIAN\AppData\Roaming\firebase\kipropbrian34_gmail_com_application_default_credentials.json
[debug] [2022-01-22T12:28:10.684Z] Setting GAC to C:\Users\BRIAN\AppData\Roaming\firebase\kipropbrian34_gmail_com_application_default_credentials.json {"metadata":{"emulator":{"name":"functions"},"message":"Setting GAC to C:\\Users\\BRIAN\\AppData\\Roaming\\firebase\\kipropbrian34_gmail_com_application_default_credentials.json"}}
[debug] [2022-01-22T12:28:10.689Z] > refreshing access token with scopes: []
[debug] [2022-01-22T12:28:10.691Z] >>> HTTP REQUEST POST https://www.googleapis.com/oauth2/v3/token  
 <request body omitted>
[debug] [2022-01-22T12:28:11.155Z] <<< HTTP RESPONSE 200 {"cache-control":"no-cache, no-store, max-age=0, must-revalidate","expires":"Mon, 01 Jan 1990 00:00:00 GMT","date":"Sat, 22 Jan 2022 12:28:10 GMT","pragma":"no-cache","content-type":"application/json; charset=utf-8","vary":"X-Origin, Referer, Origin,Accept-Encoding","server":"scaffolding on HTTPServer2","x-xss-protection":"0","x-frame-options":"SAMEORIGIN","x-content-type-options":"nosniff","alt-svc":"h3=\":443\"; ma=2592000,h3-29=\":443\"; ma=2592000,h3-Q050=\":443\"; ma=2592000,h3-Q046=\":443\"; ma=2592000,h3-Q043=\":443\"; ma=2592000,quic=\":443\"; ma=2592000; v=\"46,43\"","accept-ranges":"none","transfer-encoding":"chunked"}
[debug] [2022-01-22T12:28:11.291Z] >>> [apiv2][query] GET https://firebase.googleapis.com/v1beta1/projects/clone-c5504/adminSdkConfig [none]
[debug] [2022-01-22T12:28:11.578Z] <<< [apiv2][status] GET https://firebase-public.firebaseio.com/cli.json 200
[debug] [2022-01-22T12:28:11.578Z] <<< [apiv2][body] GET https://firebase-public.firebaseio.com/cli.json {"cloudBuildErrorAfter":1594252800000,"cloudBuildWarnAfter":1590019200000,"defaultNode10After":1594252800000,"minVersion":"3.0.5","node8DeploysDisabledAfter":1613390400000,"node8RuntimeDisabledAfter":1615809600000,"node8WarnAfter":1600128000000}
[debug] [2022-01-22T12:28:11.940Z] <<< [apiv2][status] GET https://firebase.googleapis.com/v1beta1/projects/clone-c5504/adminSdkConfig 200
[debug] [2022-01-22T12:28:11.941Z] <<< [apiv2][body] GET https://firebase.googleapis.com/v1beta1/projects/clone-c5504/adminSdkConfig {"projectId":"clone-c5504","databaseURL":"https://clone-c5504-default-rtdb.firebaseio.com","storageBucket":"clone-c5504.appspot.com","locationId":"us-central"}
[debug] [2022-01-22T12:28:12.038Z] >>> [apiv2][query] GET https://firebasehosting.googleapis.com/v1beta1/projects/clone-c5504/sites 
[debug] [2022-01-22T12:28:13.902Z] <<< [apiv2][status] GET https://firebasehosting.googleapis.com/v1beta1/projects/clone-c5504/sites 200
[debug] [2022-01-22T12:28:13.903Z] <<< [apiv2][body] GET https://firebasehosting.googleapis.com/v1beta1/projects/clone-c5504/sites {"sites":[{"name":"projects/637998335403/sites/clone-c5504","defaultUrl":"https://clone-c5504.web.app","appId":"1:637998335403:web:578624562352a4bf387eee","type":"DEFAULT_SITE"}]}
[debug] [2022-01-22T12:28:13.904Z] >>> [apiv2][query] GET https://firebase.googleapis.com/v1beta1/projects/clone-c5504/webApps/1:637998335403:web:578624562352a4bf387eee/config [none]
[debug] [2022-01-22T12:28:15.017Z] <<< [apiv2][status] GET https://firebase.googleapis.com/v1beta1/projects/clone-c5504/webApps/1:637998335403:web:578624562352a4bf387eee/config 200
[debug] [2022-01-22T12:28:15.018Z] <<< [apiv2][body] GET https://firebase.googleapis.com/v1beta1/projects/clone-c5504/webApps/1:637998335403:web:578624562352a4bf387eee/config {"projectId":"clone-c5504","appId":"1:637998335403:web:578624562352a4bf387eee","databaseURL":"https://clone-c5504-default-rtdb.firebaseio.com","storageBucket":"clone-c5504.appspot.com","locationId":"us-central","apiKey":"AIzaSyC1eXOwCwl9Jlr0P-ZpueOZ1NCVoTQnz2A","authDomain":"clone-c5504.firebaseapp.com","messagingSenderId":"637998335403","measurementId":"G-V7VZYVDCX5"}
[info] i  hosting: Serving hosting files from: build {"metadata":{"emulator":{"name":"hosting"},"message":"Serving hosting files from: \u001b[1mbuild\u001b[22m"}}
[info] +  hosting: Local server: http://localhost:5000 {"metadata":{"emulator":{"name":"hosting"},"message":"Local server: \u001b[4m\u001b[1mhttp://localhost:5000\u001b[22m\u001b[24m"}}
[debug] [2022-01-22T12:28:15.425Z] Ignoring unsupported arg: auto_download {"metadata":{"emulator":{"name":"ui"},"message":"Ignoring unsupported arg: auto_download"}}
[debug] [2022-01-22T12:28:15.426Z] Ignoring unsupported arg: port {"metadata":{"emulator":{"name":"ui"},"message":"Ignoring unsupported arg: port"}}
[debug] [2022-01-22T12:28:15.427Z] Starting Emulator UI with command {"binary":"node","args":["C:\\Users\\BRIAN\\.cache\\firebase\\emulators\\ui-v1.6.4\\server.bundle.js"],"optionalArgs":[],"joinArgs":false} {"metadata":{"emulator":{"name":"ui"},"message":"Starting Emulator UI with command {\"binary\":\"node\",\"args\":[\"C:\\\\Users\\\\BRIAN\\\\.cache\\\\firebase\\\\emulators\\\\ui-v1.6.4\\\\server.bundle.js\"],\"optionalArgs\":[],\"joinArgs\":false}"}}
[info] i  ui: Emulator UI logging to ui-debug.log {"metadata":{"emulator":{"name":"ui"},"message":"Emulator UI logging to \u001b[1mui-debug.log\u001b[22m"}}
[debug] [2022-01-22T12:28:15.691Z] Web / API server started at localhost:4000
 {"metadata":{"emulator":{"name":"ui"},"message":"Web / API server started at localhost:4000\n"}}
[info] i  functions: Watching "C:\Users\BRIAN\Projects\React\amazon-clone\functions" for Cloud Functions... {"metadata":{"emulator":{"name":"functions"},"message":"Watching \"C:\\Users\\BRIAN\\Projects\\React\\amazon-clone\\functions\" for Cloud Functions..."}}
[debug] [2022-01-22T12:28:15.798Z] [worker-pool] addWorker(~diagnostic~) {"metadata":{"emulator":{"name":"functions"},"message":"[worker-pool] addWorker(~diagnostic~)"}}
[debug] [2022-01-22T12:28:15.799Z] [worker-pool] Adding worker with key ~diagnostic~, total=1 {"metadata":{"emulator":{"name":"functions"},"message":"[worker-pool] Adding worker with key ~diagnostic~, total=1"}}
[debug] [2022-01-22T12:28:15.799Z] [worker-pool] submitWork(triggerId=) {"metadata":{"emulator":{"name":"functions"},"message":"[worker-pool] submitWork(triggerId=)"}}
[debug] [2022-01-22T12:28:15.801Z] [worker-~diagnostic~-32fd6747-e2b3-42b1-9bfa-7c4079faa4e4]: Assigning socketPath: \\?\pipe\C:\Users\BRIAN\Projects\React\amazon-clone\functions\21240 {"metadata":{"emulator":{"name":"functions"},"message":"[worker-~diagnostic~-32fd6747-e2b3-42b1-9bfa-7c4079faa4e4]: Assigning socketPath: \\\\?\\pipe\\C:\\Users\\BRIAN\\Projects\\React\\amazon-clone\\functions\\21240"}}
[debug] [2022-01-22T12:28:15.802Z] [worker-~diagnostic~-32fd6747-e2b3-42b1-9bfa-7c4079faa4e4]: BUSY {"metadata":{"emulator":{"name":"functions"},"message":"[worker-~diagnostic~-32fd6747-e2b3-42b1-9bfa-7c4079faa4e4]: BUSY"}}
[debug] [2022-01-22T12:28:16.359Z] [runtime-status] [21240] Functions runtime initialized. {"cwd":"C:\\Users\\BRIAN\\Projects\\React\\amazon-clone\\functions","node_version":"14.15.4"} {"metadata":{"emulator":{"name":"functions"},"message":"[runtime-status] [21240] Functions runtime initialized. {\"cwd\":\"C:\\\\Users\\\\BRIAN\\\\Projects\\\\React\\\\amazon-clone\\\\functions\",\"node_version\":\"14.15.4\"}"}}
[debug] [2022-01-22T12:28:16.361Z] [runtime-status] [21240] Disabled runtime features: undefined {"metadata":{"emulator":{"name":"functions"},"message":"[runtime-status] [21240] Disabled runtime features: undefined"}}
[debug] [2022-01-22T12:28:16.367Z] [runtime-status] [21240] Resolved module firebase-admin {"declared":true,"installed":true,"version":"9.12.0","resolution":"C:\\Users\\BRIAN\\Projects\\React\\amazon-clone\\functions\\node_modules\\firebase-admin\\lib\\index.js"} {"metadata":{"emulator":{"name":"functions"},"message":"[runtime-status] [21240] Resolved module firebase-admin {\"declared\":true,\"installed\":true,\"version\":\"9.12.0\",\"resolution\":\"C:\\\\Users\\\\BRIAN\\\\Projects\\\\React\\\\amazon-clone\\\\functions\\\\node_modules\\\\firebase-admin\\\\lib\\\\index.js\"}"}}
[debug] [2022-01-22T12:28:16.374Z] [runtime-status] [21240] Resolved module firebase-functions {"declared":true,"installed":true,"version":"3.16.0","resolution":"C:\\Users\\BRIAN\\Projects\\React\\amazon-clone\\functions\\node_modules\\firebase-functions\\lib\\index.js"} {"metadata":{"emulator":{"name":"functions"},"message":"[runtime-status] [21240] Resolved module firebase-functions {\"declared\":true,\"installed\":true,\"version\":\"3.16.0\",\"resolution\":\"C:\\\\Users\\\\BRIAN\\\\Projects\\\\React\\\\amazon-clone\\\\functions\\\\node_modules\\\\firebase-functions\\\\lib\\\\index.js\"}"}}
[debug] [2022-01-22T12:28:16.378Z] [runtime-status] [21240] Outgoing network have been stubbed. [{"name":"http","status":"mocked"},{"name":"http","status":"mocked"},{"name":"https","status":"mocked"},{"name":"https","status":"mocked"},{"name":"net","status":"mocked"}] {"metadata":{"emulator":{"name":"functions"},"message":"[runtime-status] [21240] Outgoing network have been stubbed. [{\"name\":\"http\",\"status\":\"mocked\"},{\"name\":\"http\",\"status\":\"mocked\"},{\"name\":\"https\",\"status\":\"mocked\"},{\"name\":\"https\",\"status\":\"mocked\"},{\"name\":\"net\",\"status\":\"mocked\"}]"}}
[debug] [2022-01-22T12:28:16.380Z] [runtime-status] [21240] Resolved module firebase-functions {"declared":true,"installed":true,"version":"3.16.0","resolution":"C:\\Users\\BRIAN\\Projects\\React\\amazon-clone\\functions\\node_modules\\firebase-functions\\lib\\index.js"} {"metadata":{"emulator":{"name":"functions"},"message":"[runtime-status] [21240] Resolved module firebase-functions {\"declared\":true,\"installed\":true,\"version\":\"3.16.0\",\"resolution\":\"C:\\\\Users\\\\BRIAN\\\\Projects\\\\React\\\\amazon-clone\\\\functions\\\\node_modules\\\\firebase-functions\\\\lib\\\\index.js\"}"}}
[debug] [2022-01-22T12:28:17.285Z] [runtime-status] [21240] Checked functions.config() {"config":{}} {"metadata":{"emulator":{"name":"functions"},"message":"[runtime-status] [21240] Checked functions.config() {\"config\":{}}"}}
[debug] [2022-01-22T12:28:17.286Z] [runtime-status] [21240] firebase-functions has been stubbed. {"functionsResolution":{"declared":true,"installed":true,"version":"3.16.0","resolution":"C:\\Users\\BRIAN\\Projects\\React\\amazon-clone\\functions\\node_modules\\firebase-functions\\lib\\index.js"}} {"metadata":{"emulator":{"name":"functions"},"message":"[runtime-status] [21240] firebase-functions has been stubbed. {\"functionsResolution\":{\"declared\":true,\"installed\":true,\"version\":\"3.16.0\",\"resolution\":\"C:\\\\Users\\\\BRIAN\\\\Projects\\\\React\\\\amazon-clone\\\\functions\\\\node_modules\\\\firebase-functions\\\\lib\\\\index.js\"}}"}}
[debug] [2022-01-22T12:28:17.291Z] [runtime-status] [21240] Resolved module firebase-functions {"declared":true,"installed":true,"version":"3.16.0","resolution":"C:\\Users\\BRIAN\\Projects\\React\\amazon-clone\\functions\\node_modules\\firebase-functions\\lib\\index.js"} {"metadata":{"emulator":{"name":"functions"},"message":"[runtime-status] [21240] Resolved module firebase-functions {\"declared\":true,\"installed\":true,\"version\":\"3.16.0\",\"resolution\":\"C:\\\\Users\\\\BRIAN\\\\Projects\\\\React\\\\amazon-clone\\\\functions\\\\node_modules\\\\firebase-functions\\\\lib\\\\index.js\"}"}}
[debug] [2022-01-22T12:28:17.297Z] [runtime-status] [21240] Resolved module firebase-admin {"declared":true,"installed":true,"version":"9.12.0","resolution":"C:\\Users\\BRIAN\\Projects\\React\\amazon-clone\\functions\\node_modules\\firebase-admin\\lib\\index.js"} {"metadata":{"emulator":{"name":"functions"},"message":"[runtime-status] [21240] Resolved module firebase-admin {\"declared\":true,\"installed\":true,\"version\":\"9.12.0\",\"resolution\":\"C:\\\\Users\\\\BRIAN\\\\Projects\\\\React\\\\amazon-clone\\\\functions\\\\node_modules\\\\firebase-admin\\\\lib\\\\index.js\"}"}}
[debug] [2022-01-22T12:28:17.302Z] [runtime-status] [21240] Resolved module firebase-functions {"declared":true,"installed":true,"version":"3.16.0","resolution":"C:\\Users\\BRIAN\\Projects\\React\\amazon-clone\\functions\\node_modules\\firebase-functions\\lib\\index.js"} {"metadata":{"emulator":{"name":"functions"},"message":"[runtime-status] [21240] Resolved module firebase-functions {\"declared\":true,\"installed\":true,\"version\":\"3.16.0\",\"resolution\":\"C:\\\\Users\\\\BRIAN\\\\Projects\\\\React\\\\amazon-clone\\\\functions\\\\node_modules\\\\firebase-functions\\\\lib\\\\index.js\"}"}}
[debug] [2022-01-22T12:28:17.303Z] [runtime-status] [21240] firebase-admin has been stubbed. {"adminResolution":{"declared":true,"installed":true,"version":"9.12.0","resolution":"C:\\Users\\BRIAN\\Projects\\React\\amazon-clone\\functions\\node_modules\\firebase-admin\\lib\\index.js"}} {"metadata":{"emulator":{"name":"functions"},"message":"[runtime-status] [21240] firebase-admin has been stubbed. {\"adminResolution\":{\"declared\":true,\"installed\":true,\"version\":\"9.12.0\",\"resolution\":\"C:\\\\Users\\\\BRIAN\\\\Projects\\\\React\\\\amazon-clone\\\\functions\\\\node_modules\\\\firebase-admin\\\\lib\\\\index.js\"}}"}}
[info] +  functions[us-central1-api]: http function initialized (http://localhost:5001/clone-c5504/us-central1/api). {"metadata":{"emulator":{"name":"functions"},"message":"\u001b[1mhttp\u001b[22m function initialized (http://localhost:5001/clone-c5504/us-central1/api)."}}
[info] 
┌─────────────────────────────────────────────────────────────┐
│ ✔  All emulators ready! It is now safe to connect your app. │
│ i  View Emulator UI at http://localhost:4000                │
└─────────────────────────────────────────────────────────────┘

┌───────────┬────────────────┬─────────────────────────────────┐
│ Emulator  │ Host:Port      │ View in Emulator UI             │
├───────────┼────────────────┼─────────────────────────────────┤
│ Functions │ localhost:5001 │ http://localhost:4000/functions │
├───────────┼────────────────┼─────────────────────────────────┤
│ Hosting   │ localhost:5000 │ n/a                             │
└───────────┴────────────────┴─────────────────────────────────┘
  Emulator Hub running at localhost:4400
  Other reserved ports: 4500

Issues? Report them at https://github.com/firebase/firebase-tools/issues and attach the *-debug.log files.
 
[debug] [2022-01-22T12:28:20.233Z] [worker-~diagnostic~-32fd6747-e2b3-42b1-9bfa-7c4079faa4e4]: IDLE {"metadata":{"emulator":{"name":"functions"},"message":"[worker-~diagnostic~-32fd6747-e2b3-42b1-9bfa-7c4079faa4e4]: IDLE"}}
[debug] [2022-01-22T12:42:46.944Z] [work-queue] {"queueLength":1,"workRunningCount":0}
[debug] [2022-01-22T12:42:46.945Z] [work-queue] {"queueLength":0,"workRunningCount":1}
[debug] [2022-01-22T12:42:46.946Z] Accepted request POST /clone-c5504/us-central1/api/payments/create?total=114893 --> us-central1-api
[debug] [2022-01-22T12:42:46.961Z] [worker-pool] addWorker(us-central1-api) {"metadata":{"emulator":{"name":"functions"},"message":"[worker-pool] addWorker(us-central1-api)"}}
[debug] [2022-01-22T12:42:46.961Z] [worker-pool] Adding worker with key us-central1-api, total=1 {"metadata":{"emulator":{"name":"functions"},"message":"[worker-pool] Adding worker with key us-central1-api, total=1"}}
[debug] [2022-01-22T12:42:46.962Z] [worker-pool] submitWork(triggerId=us-central1-api) {"metadata":{"emulator":{"name":"functions"},"message":"[worker-pool] submitWork(triggerId=us-central1-api)"}}
[debug] [2022-01-22T12:42:46.962Z] [worker-us-central1-api-d5246d2c-a309-4f4b-a069-bea20da9af0c]: Assigning socketPath: \\?\pipe\C:\Users\BRIAN\Projects\React\amazon-clone\functions\12856 {"metadata":{"emulator":{"name":"functions"},"message":"[worker-us-central1-api-d5246d2c-a309-4f4b-a069-bea20da9af0c]: Assigning socketPath: \\\\?\\pipe\\C:\\Users\\BRIAN\\Projects\\React\\amazon-clone\\functions\\12856"}}
[debug] [2022-01-22T12:42:46.962Z] [worker-us-central1-api-d5246d2c-a309-4f4b-a069-bea20da9af0c]: BUSY {"metadata":{"emulator":{"name":"functions"},"message":"[worker-us-central1-api-d5246d2c-a309-4f4b-a069-bea20da9af0c]: BUSY"}}
[debug] [2022-01-22T12:42:47.698Z] [runtime-status] [12856] Functions runtime initialized. {"cwd":"C:\\Users\\BRIAN\\Projects\\React\\amazon-clone\\functions","node_version":"14.15.4"} {"metadata":{"emulator":{"name":"functions"},"function":{"name":"us-central1-api"},"message":"[runtime-status] [12856] Functions runtime initialized. {\"cwd\":\"C:\\\\Users\\\\BRIAN\\\\Projects\\\\React\\\\amazon-clone\\\\functions\",\"node_version\":\"14.15.4\"}"}}
[debug] [2022-01-22T12:42:47.700Z] [runtime-status] [12856] Disabled runtime features: undefined {"metadata":{"emulator":{"name":"functions"},"function":{"name":"us-central1-api"},"message":"[runtime-status] [12856] Disabled runtime features: undefined"}}
[debug] [2022-01-22T12:42:47.706Z] [runtime-status] [12856] Resolved module firebase-admin {"declared":true,"installed":true,"version":"9.12.0","resolution":"C:\\Users\\BRIAN\\Projects\\React\\amazon-clone\\functions\\node_modules\\firebase-admin\\lib\\index.js"} {"metadata":{"emulator":{"name":"functions"},"function":{"name":"us-central1-api"},"message":"[runtime-status] [12856] Resolved module firebase-admin {\"declared\":true,\"installed\":true,\"version\":\"9.12.0\",\"resolution\":\"C:\\\\Users\\\\BRIAN\\\\Projects\\\\React\\\\amazon-clone\\\\functions\\\\node_modules\\\\firebase-admin\\\\lib\\\\index.js\"}"}}
[debug] [2022-01-22T12:42:47.711Z] [runtime-status] [12856] Resolved module firebase-functions {"declared":true,"installed":true,"version":"3.16.0","resolution":"C:\\Users\\BRIAN\\Projects\\React\\amazon-clone\\functions\\node_modules\\firebase-functions\\lib\\index.js"} {"metadata":{"emulator":{"name":"functions"},"function":{"name":"us-central1-api"},"message":"[runtime-status] [12856] Resolved module firebase-functions {\"declared\":true,\"installed\":true,\"version\":\"3.16.0\",\"resolution\":\"C:\\\\Users\\\\BRIAN\\\\Projects\\\\React\\\\amazon-clone\\\\functions\\\\node_modules\\\\firebase-functions\\\\lib\\\\index.js\"}"}}
[debug] [2022-01-22T12:42:47.713Z] [runtime-status] [12856] Outgoing network have been stubbed. [{"name":"http","status":"mocked"},{"name":"http","status":"mocked"},{"name":"https","status":"mocked"},{"name":"https","status":"mocked"},{"name":"net","status":"mocked"}] {"metadata":{"emulator":{"name":"functions"},"function":{"name":"us-central1-api"},"message":"[runtime-status] [12856] Outgoing network have been stubbed. [{\"name\":\"http\",\"status\":\"mocked\"},{\"name\":\"http\",\"status\":\"mocked\"},{\"name\":\"https\",\"status\":\"mocked\"},{\"name\":\"https\",\"status\":\"mocked\"},{\"name\":\"net\",\"status\":\"mocked\"}]"}}
[debug] [2022-01-22T12:42:47.715Z] [runtime-status] [12856] Resolved module firebase-functions {"declared":true,"installed":true,"version":"3.16.0","resolution":"C:\\Users\\BRIAN\\Projects\\React\\amazon-clone\\functions\\node_modules\\firebase-functions\\lib\\index.js"} {"metadata":{"emulator":{"name":"functions"},"function":{"name":"us-central1-api"},"message":"[runtime-status] [12856] Resolved module firebase-functions {\"declared\":true,\"installed\":true,\"version\":\"3.16.0\",\"resolution\":\"C:\\\\Users\\\\BRIAN\\\\Projects\\\\React\\\\amazon-clone\\\\functions\\\\node_modules\\\\firebase-functions\\\\lib\\\\index.js\"}"}}
[debug] [2022-01-22T12:42:47.796Z] [runtime-status] [12856] Checked functions.config() {"config":{}} {"metadata":{"emulator":{"name":"functions"},"function":{"name":"us-central1-api"},"message":"[runtime-status] [12856] Checked functions.config() {\"config\":{}}"}}
[debug] [2022-01-22T12:42:47.797Z] [runtime-status] [12856] firebase-functions has been stubbed. {"functionsResolution":{"declared":true,"installed":true,"version":"3.16.0","resolution":"C:\\Users\\BRIAN\\Projects\\React\\amazon-clone\\functions\\node_modules\\firebase-functions\\lib\\index.js"}} {"metadata":{"emulator":{"name":"functions"},"function":{"name":"us-central1-api"},"message":"[runtime-status] [12856] firebase-functions has been stubbed. {\"functionsResolution\":{\"declared\":true,\"installed\":true,\"version\":\"3.16.0\",\"resolution\":\"C:\\\\Users\\\\BRIAN\\\\Projects\\\\React\\\\amazon-clone\\\\functions\\\\node_modules\\\\firebase-functions\\\\lib\\\\index.js\"}}"}}
[debug] [2022-01-22T12:42:47.798Z] [runtime-status] [12856] Resolved module firebase-functions {"declared":true,"installed":true,"version":"3.16.0","resolution":"C:\\Users\\BRIAN\\Projects\\React\\amazon-clone\\functions\\node_modules\\firebase-functions\\lib\\index.js"} {"metadata":{"emulator":{"name":"functions"},"function":{"name":"us-central1-api"},"message":"[runtime-status] [12856] Resolved module firebase-functions {\"declared\":true,\"installed\":true,\"version\":\"3.16.0\",\"resolution\":\"C:\\\\Users\\\\BRIAN\\\\Projects\\\\React\\\\amazon-clone\\\\functions\\\\node_modules\\\\firebase-functions\\\\lib\\\\index.js\"}"}}
[debug] [2022-01-22T12:42:47.800Z] [runtime-status] [12856] Resolved module firebase-admin {"declared":true,"installed":true,"version":"9.12.0","resolution":"C:\\Users\\BRIAN\\Projects\\React\\amazon-clone\\functions\\node_modules\\firebase-admin\\lib\\index.js"} {"metadata":{"emulator":{"name":"functions"},"function":{"name":"us-central1-api"},"message":"[runtime-status] [12856] Resolved module firebase-admin {\"declared\":true,\"installed\":true,\"version\":\"9.12.0\",\"resolution\":\"C:\\\\Users\\\\BRIAN\\\\Projects\\\\React\\\\amazon-clone\\\\functions\\\\node_modules\\\\firebase-admin\\\\lib\\\\index.js\"}"}}
[debug] [2022-01-22T12:42:47.802Z] [runtime-status] [12856] Resolved module firebase-functions {"declared":true,"installed":true,"version":"3.16.0","resolution":"C:\\Users\\BRIAN\\Projects\\React\\amazon-clone\\functions\\node_modules\\firebase-functions\\lib\\index.js"} {"metadata":{"emulator":{"name":"functions"},"function":{"name":"us-central1-api"},"message":"[runtime-status] [12856] Resolved module firebase-functions {\"declared\":true,\"installed\":true,\"version\":\"3.16.0\",\"resolution\":\"C:\\\\Users\\\\BRIAN\\\\Projects\\\\React\\\\amazon-clone\\\\functions\\\\node_modules\\\\firebase-functions\\\\lib\\\\index.js\"}"}}
[debug] [2022-01-22T12:42:47.803Z] [runtime-status] [12856] firebase-admin has been stubbed. {"adminResolution":{"declared":true,"installed":true,"version":"9.12.0","resolution":"C:\\Users\\BRIAN\\Projects\\React\\amazon-clone\\functions\\node_modules\\firebase-admin\\lib\\index.js"}} {"metadata":{"emulator":{"name":"functions"},"function":{"name":"us-central1-api"},"message":"[runtime-status] [12856] firebase-admin has been stubbed. {\"adminResolution\":{\"declared\":true,\"installed\":true,\"version\":\"9.12.0\",\"resolution\":\"C:\\\\Users\\\\BRIAN\\\\Projects\\\\React\\\\amazon-clone\\\\functions\\\\node_modules\\\\firebase-admin\\\\lib\\\\index.js\"}}"}}
[debug] [2022-01-22T12:42:48.124Z] [runtime-status] [12856] Trigger "us-central1-api" has been found, beginning invocation! {"metadata":{"emulator":{"name":"functions"},"function":{"name":"us-central1-api"},"message":"[runtime-status] [12856] Trigger \"us-central1-api\" has been found, beginning invocation!"}}
[info] i  functions: Beginning execution of "us-central1-api" {"metadata":{"emulator":{"name":"functions"},"function":{"name":"us-central1-api"},"message":"Beginning execution of \"us-central1-api\""}}
[debug] [2022-01-22T12:42:48.126Z] [runtime-status] [12856] triggerDefinition {"httpsTrigger":{},"name":"api","entryPoint":"api","regions":["us-central1"],"region":"us-central1","id":"us-central1-api","platform":"gcfv1"} {"metadata":{"emulator":{"name":"functions"},"function":{"name":"us-central1-api"},"message":"[runtime-status] [12856] triggerDefinition {\"httpsTrigger\":{},\"name\":\"api\",\"entryPoint\":\"api\",\"regions\":[\"us-central1\"],\"region\":\"us-central1\",\"id\":\"us-central1-api\",\"platform\":\"gcfv1\"}"}}
[debug] [2022-01-22T12:42:48.127Z] [runtime-status] [12856] Running us-central1-api in signature http {"metadata":{"emulator":{"name":"functions"},"function":{"name":"us-central1-api"},"message":"[runtime-status] [12856] Running us-central1-api in signature http"}}
[debug] [2022-01-22T12:42:48.133Z] [runtime-status] [12856] Attempting to listen to socketPath: \\?\pipe\C:\Users\BRIAN\Projects\React\amazon-clone\functions\12856 {"metadata":{"emulator":{"name":"functions"},"function":{"name":"us-central1-api"},"message":"[runtime-status] [12856] Attempting to listen to socketPath: \\\\?\\pipe\\C:\\Users\\BRIAN\\Projects\\React\\amazon-clone\\functions\\12856"}}
[debug] [2022-01-22T12:42:48.138Z] [functions] Runtime ready! Sending request! {"metadata":{"emulator":{"name":"functions"},"message":"[functions] Runtime ready! Sending request!"}}
[debug] [2022-01-22T12:42:48.140Z] [functions] Got req.url=/clone-c5504/us-central1/api/payments/create?total=114893, mapping to path=/payments/create?total=114893 {"metadata":{"emulator":{"name":"functions"},"message":"[functions] Got req.url=/clone-c5504/us-central1/api/payments/create?total=114893, mapping to path=/payments/create?total=114893"}}
[debug] [2022-01-22T12:42:48.156Z] [runtime-status] [12856] Ephemeral server handling POST request {"metadata":{"emulator":{"name":"functions"},"function":{"name":"us-central1-api"},"message":"[runtime-status] [12856] Ephemeral server handling POST request"}}
[info] >  Payment received BOOOM!!! : 114893 {"user":"Payment received BOOOM!!! : 114893","metadata":{"emulator":{"name":"functions"},"function":{"name":"us-central1-api"},"message":"\u001b[90m> \u001b[39m Payment received BOOOM!!! : 114893"}}
[debug] [2022-01-22T12:42:48.207Z] [runtime-status] [12856] Ephemeral server survived. {"metadata":{"emulator":{"name":"functions"},"function":{"name":"us-central1-api"},"message":"[runtime-status] [12856] Ephemeral server survived."}}
[info] i  functions: Finished "us-central1-api" in ~2s {"metadata":{"emulator":{"name":"functions"},"function":{"name":"us-central1-api"},"message":"Finished \"us-central1-api\" in ~2s"}}
[debug] [2022-01-22T12:42:50.207Z] [worker-us-central1-api-d5246d2c-a309-4f4b-a069-bea20da9af0c]: IDLE {"metadata":{"emulator":{"name":"functions"},"message":"[worker-us-central1-api-d5246d2c-a309-4f4b-a069-bea20da9af0c]: IDLE"}}
[debug] [2022-01-22T12:42:50.209Z] [work-queue] {"queueLength":0,"workRunningCount":0}
[debug] [2022-01-22T12:44:34.785Z] [work-queue] {"queueLength":1,"workRunningCount":0}
[debug] [2022-01-22T12:44:34.786Z] [work-queue] {"queueLength":0,"workRunningCount":1}
[debug] [2022-01-22T12:44:34.786Z] Accepted request POST /clone-c5504/us-central1/api/payments/create?total=223194.99999999997 --> us-central1-api
[debug] [2022-01-22T12:44:34.787Z] [worker-pool] submitWork(triggerId=us-central1-api) {"metadata":{"emulator":{"name":"functions"},"message":"[worker-pool] submitWork(triggerId=us-central1-api)"}}
[debug] [2022-01-22T12:44:34.788Z] [worker-us-central1-api-d5246d2c-a309-4f4b-a069-bea20da9af0c]: Assigning socketPath: \\?\pipe\C:\Users\BRIAN\Projects\React\amazon-clone\functions\12856 {"metadata":{"emulator":{"name":"functions"},"message":"[worker-us-central1-api-d5246d2c-a309-4f4b-a069-bea20da9af0c]: Assigning socketPath: \\\\?\\pipe\\C:\\Users\\BRIAN\\Projects\\React\\amazon-clone\\functions\\12856"}}
[debug] [2022-01-22T12:44:34.788Z] [worker-us-central1-api-d5246d2c-a309-4f4b-a069-bea20da9af0c]: BUSY {"metadata":{"emulator":{"name":"functions"},"message":"[worker-us-central1-api-d5246d2c-a309-4f4b-a069-bea20da9af0c]: BUSY"}}
[debug] [2022-01-22T12:44:34.790Z] [runtime-status] [12856] Trigger "us-central1-api" has been found, beginning invocation! {"metadata":{"emulator":{"name":"functions"},"function":{"name":"us-central1-api"},"message":"[runtime-status] [12856] Trigger \"us-central1-api\" has been found, beginning invocation!"}}
[info] i  functions: Beginning execution of "us-central1-api" {"metadata":{"emulator":{"name":"functions"},"function":{"name":"us-central1-api"},"message":"Beginning execution of \"us-central1-api\""}}
[debug] [2022-01-22T12:44:34.793Z] [runtime-status] [12856] triggerDefinition {"httpsTrigger":{},"name":"api","entryPoint":"api","regions":["us-central1"],"region":"us-central1","id":"us-central1-api","platform":"gcfv1"} {"metadata":{"emulator":{"name":"functions"},"function":{"name":"us-central1-api"},"message":"[runtime-status] [12856] triggerDefinition {\"httpsTrigger\":{},\"name\":\"api\",\"entryPoint\":\"api\",\"regions\":[\"us-central1\"],\"region\":\"us-central1\",\"id\":\"us-central1-api\",\"platform\":\"gcfv1\"}"}}
[debug] [2022-01-22T12:44:34.793Z] [runtime-status] [12856] Running us-central1-api in signature http {"metadata":{"emulator":{"name":"functions"},"function":{"name":"us-central1-api"},"message":"[runtime-status] [12856] Running us-central1-api in signature http"}}
[debug] [2022-01-22T12:44:34.794Z] [runtime-status] [12856] Attempting to listen to socketPath: \\?\pipe\C:\Users\BRIAN\Projects\React\amazon-clone\functions\12856 {"metadata":{"emulator":{"name":"functions"},"function":{"name":"us-central1-api"},"message":"[runtime-status] [12856] Attempting to listen to socketPath: \\\\?\\pipe\\C:\\Users\\BRIAN\\Projects\\React\\amazon-clone\\functions\\12856"}}
[debug] [2022-01-22T12:44:34.796Z] [functions] Runtime ready! Sending request! {"metadata":{"emulator":{"name":"functions"},"message":"[functions] Runtime ready! Sending request!"}}
[debug] [2022-01-22T12:44:34.796Z] [functions] Got req.url=/clone-c5504/us-central1/api/payments/create?total=223194.99999999997, mapping to path=/payments/create?total=223194.99999999997 {"metadata":{"emulator":{"name":"functions"},"message":"[functions] Got req.url=/clone-c5504/us-central1/api/payments/create?total=223194.99999999997, mapping to path=/payments/create?total=223194.99999999997"}}
[debug] [2022-01-22T12:44:34.802Z] [runtime-status] [12856] Ephemeral server handling POST request {"metadata":{"emulator":{"name":"functions"},"function":{"name":"us-central1-api"},"message":"[runtime-status] [12856] Ephemeral server handling POST request"}}
[info] >  Payment received BOOOM!!! : 223194.99999999997 {"user":"Payment received BOOOM!!! : 223194.99999999997","metadata":{"emulator":{"name":"functions"},"function":{"name":"us-central1-api"},"message":"\u001b[90m> \u001b[39m Payment received BOOOM!!! : 223194.99999999997"}}
[debug] [2022-01-22T12:44:34.808Z] [runtime-status] [12856] Ephemeral server survived. {"metadata":{"emulator":{"name":"functions"},"function":{"name":"us-central1-api"},"message":"[runtime-status] [12856] Ephemeral server survived."}}
[info] >  (node:12856) UnhandledPromiseRejectionWarning: Error: Invalid integer: 223194.99999999997 {"user":"(node:12856) UnhandledPromiseRejectionWarning: Error: Invalid integer: 223194.99999999997","metadata":{"emulator":{"name":"functions"},"function":{"name":"us-central1-api"},"message":"\u001b[90m> \u001b[39m (node:12856) UnhandledPromiseRejectionWarning: Error: Invalid integer: 223194.99999999997"}}
[info] >      at Function.generate (C:\Users\BRIAN\Projects\React\amazon-clone\functions\node_modules\stripe\lib\Error.js:40:16) {"user":"    at Function.generate (C:\\Users\\BRIAN\\Projects\\React\\amazon-clone\\functions\\node_modules\\stripe\\lib\\Error.js:40:16)","metadata":{"emulator":{"name":"functions"},"function":{"name":"us-central1-api"},"message":"\u001b[90m> \u001b[39m     at Function.generate (C:\\Users\\BRIAN\\Projects\\React\\amazon-clone\\functions\\node_modules\\stripe\\lib\\Error.js:40:16)"}}
[info] >      at res.toJSON.then.StripeAPIError.message (C:\Users\BRIAN\Projects\React\amazon-clone\functions\node_modules\stripe\lib\StripeResource.js:220:35) {"user":"    at res.toJSON.then.StripeAPIError.message (C:\\Users\\BRIAN\\Projects\\React\\amazon-clone\\functions\\node_modules\\stripe\\lib\\StripeResource.js:220:35)","metadata":{"emulator":{"name":"functions"},"function":{"name":"us-central1-api"},"message":"\u001b[90m> \u001b[39m     at res.toJSON.then.StripeAPIError.message (C:\\Users\\BRIAN\\Projects\\React\\amazon-clone\\functions\\node_modules\\stripe\\lib\\StripeResource.js:220:35)"}}
[info] >      at processTicksAndRejections (internal/process/task_queues.js:93:5) {"user":"    at processTicksAndRejections (internal/process/task_queues.js:93:5)","metadata":{"emulator":{"name":"functions"},"function":{"name":"us-central1-api"},"message":"\u001b[90m> \u001b[39m     at processTicksAndRejections (internal/process/task_queues.js:93:5)"}}
[info] >  (Use `node --trace-warnings ...` to show where the warning was created) {"user":"(Use `node --trace-warnings ...` to show where the warning was created)","metadata":{"emulator":{"name":"functions"},"function":{"name":"us-central1-api"},"message":"\u001b[90m> \u001b[39m (Use `node --trace-warnings ...` to show where the warning was created)"}}
[info] >  (node:12856) UnhandledPromiseRejectionWarning: Unhandled promise rejection. This error originated either by throwing inside of an async function without a catch block, or by rejecting a promise which was not handled with .catch(). To terminate the node process on unhandled promise rejection, use the CLI flag `--unhandled-rejections=strict` (see https://nodejs.org/api/cli.html#cli_unhandled_rejections_mode). (rejection id: 1) {"user":"(node:12856) UnhandledPromiseRejectionWarning: Unhandled promise rejection. This error originated either by throwing inside of an async function without a catch block, or by rejecting a promise which was not handled with .catch(). To terminate the node process on unhandled promise rejection, use the CLI flag `--unhandled-rejections=strict` (see https://nodejs.org/api/cli.html#cli_unhandled_rejections_mode). (rejection id: 1)","metadata":{"emulator":{"name":"functions"},"function":{"name":"us-central1-api"},"message":"\u001b[90m> \u001b[39m (node:12856) UnhandledPromiseRejectionWarning: Unhandled promise rejection. This error originated either by throwing inside of an async function without a catch block, or by rejecting a promise which was not handled with .catch(). To terminate the node process on unhandled promise rejection, use the CLI flag `--unhandled-rejections=strict` (see https://nodejs.org/api/cli.html#cli_unhandled_rejections_mode). (rejection id: 1)"}}
[info] >  (node:12856) [DEP0018] DeprecationWarning: Unhandled promise rejections are deprecated. In the future, promise rejections that are not handled will terminate the Node.js process with a non-zero exit code. {"user":"(node:12856) [DEP0018] DeprecationWarning: Unhandled promise rejections are deprecated. In the future, promise rejections that are not handled will terminate the Node.js process with a non-zero exit code.","metadata":{"emulator":{"name":"functions"},"function":{"name":"us-central1-api"},"message":"\u001b[90m> \u001b[39m (node:12856) [DEP0018] DeprecationWarning: Unhandled promise rejections are deprecated. In the future, promise rejections that are not handled will terminate the Node.js process with a non-zero exit code."}}
[debug] [2022-01-22T12:45:11.521Z] [work-queue] {"queueLength":1,"workRunningCount":1}
[debug] [2022-01-22T12:45:11.522Z] [work-queue] {"queueLength":0,"workRunningCount":2}
[debug] [2022-01-22T12:45:11.522Z] Accepted request POST /clone-c5504/us-central1/api/payments/create?total=113697 --> us-central1-api
[debug] [2022-01-22T12:45:11.534Z] [worker-pool] addWorker(us-central1-api) {"metadata":{"emulator":{"name":"functions"},"message":"[worker-pool] addWorker(us-central1-api)"}}
[debug] [2022-01-22T12:45:11.535Z] [worker-pool] Adding worker with key us-central1-api, total=2 {"metadata":{"emulator":{"name":"functions"},"message":"[worker-pool] Adding worker with key us-central1-api, total=2"}}
[debug] [2022-01-22T12:45:11.535Z] [worker-pool] submitWork(triggerId=us-central1-api) {"metadata":{"emulator":{"name":"functions"},"message":"[worker-pool] submitWork(triggerId=us-central1-api)"}}
[debug] [2022-01-22T12:45:11.535Z] [worker-us-central1-api-a64dd65e-cb72-47bf-8848-7f15571125ce]: Assigning socketPath: \\?\pipe\C:\Users\BRIAN\Projects\React\amazon-clone\functions\9876 {"metadata":{"emulator":{"name":"functions"},"message":"[worker-us-central1-api-a64dd65e-cb72-47bf-8848-7f15571125ce]: Assigning socketPath: \\\\?\\pipe\\C:\\Users\\BRIAN\\Projects\\React\\amazon-clone\\functions\\9876"}}
[debug] [2022-01-22T12:45:11.536Z] [worker-us-central1-api-a64dd65e-cb72-47bf-8848-7f15571125ce]: BUSY {"metadata":{"emulator":{"name":"functions"},"message":"[worker-us-central1-api-a64dd65e-cb72-47bf-8848-7f15571125ce]: BUSY"}}
[debug] [2022-01-22T12:45:11.958Z] [runtime-status] [9876] Functions runtime initialized. {"cwd":"C:\\Users\\BRIAN\\Projects\\React\\amazon-clone\\functions","node_version":"14.15.4"} {"metadata":{"emulator":{"name":"functions"},"function":{"name":"us-central1-api"},"message":"[runtime-status] [9876] Functions runtime initialized. {\"cwd\":\"C:\\\\Users\\\\BRIAN\\\\Projects\\\\React\\\\amazon-clone\\\\functions\",\"node_version\":\"14.15.4\"}"}}
[debug] [2022-01-22T12:45:11.960Z] [runtime-status] [9876] Disabled runtime features: undefined {"metadata":{"emulator":{"name":"functions"},"function":{"name":"us-central1-api"},"message":"[runtime-status] [9876] Disabled runtime features: undefined"}}
[debug] [2022-01-22T12:45:11.966Z] [runtime-status] [9876] Resolved module firebase-admin {"declared":true,"installed":true,"version":"9.12.0","resolution":"C:\\Users\\BRIAN\\Projects\\React\\amazon-clone\\functions\\node_modules\\firebase-admin\\lib\\index.js"} {"metadata":{"emulator":{"name":"functions"},"function":{"name":"us-central1-api"},"message":"[runtime-status] [9876] Resolved module firebase-admin {\"declared\":true,\"installed\":true,\"version\":\"9.12.0\",\"resolution\":\"C:\\\\Users\\\\BRIAN\\\\Projects\\\\React\\\\amazon-clone\\\\functions\\\\node_modules\\\\firebase-admin\\\\lib\\\\index.js\"}"}}
[debug] [2022-01-22T12:45:11.971Z] [runtime-status] [9876] Resolved module firebase-functions {"declared":true,"installed":true,"version":"3.16.0","resolution":"C:\\Users\\BRIAN\\Projects\\React\\amazon-clone\\functions\\node_modules\\firebase-functions\\lib\\index.js"} {"metadata":{"emulator":{"name":"functions"},"function":{"name":"us-central1-api"},"message":"[runtime-status] [9876] Resolved module firebase-functions {\"declared\":true,\"installed\":true,\"version\":\"3.16.0\",\"resolution\":\"C:\\\\Users\\\\BRIAN\\\\Projects\\\\React\\\\amazon-clone\\\\functions\\\\node_modules\\\\firebase-functions\\\\lib\\\\index.js\"}"}}
[debug] [2022-01-22T12:45:11.974Z] [runtime-status] [9876] Outgoing network have been stubbed. [{"name":"http","status":"mocked"},{"name":"http","status":"mocked"},{"name":"https","status":"mocked"},{"name":"https","status":"mocked"},{"name":"net","status":"mocked"}] {"metadata":{"emulator":{"name":"functions"},"function":{"name":"us-central1-api"},"message":"[runtime-status] [9876] Outgoing network have been stubbed. [{\"name\":\"http\",\"status\":\"mocked\"},{\"name\":\"http\",\"status\":\"mocked\"},{\"name\":\"https\",\"status\":\"mocked\"},{\"name\":\"https\",\"status\":\"mocked\"},{\"name\":\"net\",\"status\":\"mocked\"}]"}}
[debug] [2022-01-22T12:45:11.976Z] [runtime-status] [9876] Resolved module firebase-functions {"declared":true,"installed":true,"version":"3.16.0","resolution":"C:\\Users\\BRIAN\\Projects\\React\\amazon-clone\\functions\\node_modules\\firebase-functions\\lib\\index.js"} {"metadata":{"emulator":{"name":"functions"},"function":{"name":"us-central1-api"},"message":"[runtime-status] [9876] Resolved module firebase-functions {\"declared\":true,\"installed\":true,\"version\":\"3.16.0\",\"resolution\":\"C:\\\\Users\\\\BRIAN\\\\Projects\\\\React\\\\amazon-clone\\\\functions\\\\node_modules\\\\firebase-functions\\\\lib\\\\index.js\"}"}}
[debug] [2022-01-22T12:45:12.061Z] [runtime-status] [9876] Checked functions.config() {"config":{}} {"metadata":{"emulator":{"name":"functions"},"function":{"name":"us-central1-api"},"message":"[runtime-status] [9876] Checked functions.config() {\"config\":{}}"}}
[debug] [2022-01-22T12:45:12.062Z] [runtime-status] [9876] firebase-functions has been stubbed. {"functionsResolution":{"declared":true,"installed":true,"version":"3.16.0","resolution":"C:\\Users\\BRIAN\\Projects\\React\\amazon-clone\\functions\\node_modules\\firebase-functions\\lib\\index.js"}} {"metadata":{"emulator":{"name":"functions"},"function":{"name":"us-central1-api"},"message":"[runtime-status] [9876] firebase-functions has been stubbed. {\"functionsResolution\":{\"declared\":true,\"installed\":true,\"version\":\"3.16.0\",\"resolution\":\"C:\\\\Users\\\\BRIAN\\\\Projects\\\\React\\\\amazon-clone\\\\functions\\\\node_modules\\\\firebase-functions\\\\lib\\\\index.js\"}}"}}
[debug] [2022-01-22T12:45:12.063Z] [runtime-status] [9876] Resolved module firebase-functions {"declared":true,"installed":true,"version":"3.16.0","resolution":"C:\\Users\\BRIAN\\Projects\\React\\amazon-clone\\functions\\node_modules\\firebase-functions\\lib\\index.js"} {"metadata":{"emulator":{"name":"functions"},"function":{"name":"us-central1-api"},"message":"[runtime-status] [9876] Resolved module firebase-functions {\"declared\":true,\"installed\":true,\"version\":\"3.16.0\",\"resolution\":\"C:\\\\Users\\\\BRIAN\\\\Projects\\\\React\\\\amazon-clone\\\\functions\\\\node_modules\\\\firebase-functions\\\\lib\\\\index.js\"}"}}
[debug] [2022-01-22T12:45:12.066Z] [runtime-status] [9876] Resolved module firebase-admin {"declared":true,"installed":true,"version":"9.12.0","resolution":"C:\\Users\\BRIAN\\Projects\\React\\amazon-clone\\functions\\node_modules\\firebase-admin\\lib\\index.js"} {"metadata":{"emulator":{"name":"functions"},"function":{"name":"us-central1-api"},"message":"[runtime-status] [9876] Resolved module firebase-admin {\"declared\":true,\"installed\":true,\"version\":\"9.12.0\",\"resolution\":\"C:\\\\Users\\\\BRIAN\\\\Projects\\\\React\\\\amazon-clone\\\\functions\\\\node_modules\\\\firebase-admin\\\\lib\\\\index.js\"}"}}
[debug] [2022-01-22T12:45:12.068Z] [runtime-status] [9876] Resolved module firebase-functions {"declared":true,"installed":true,"version":"3.16.0","resolution":"C:\\Users\\BRIAN\\Projects\\React\\amazon-clone\\functions\\node_modules\\firebase-functions\\lib\\index.js"} {"metadata":{"emulator":{"name":"functions"},"function":{"name":"us-central1-api"},"message":"[runtime-status] [9876] Resolved module firebase-functions {\"declared\":true,\"installed\":true,\"version\":\"3.16.0\",\"resolution\":\"C:\\\\Users\\\\BRIAN\\\\Projects\\\\React\\\\amazon-clone\\\\functions\\\\node_modules\\\\firebase-functions\\\\lib\\\\index.js\"}"}}
[debug] [2022-01-22T12:45:12.068Z] [runtime-status] [9876] firebase-admin has been stubbed. {"adminResolution":{"declared":true,"installed":true,"version":"9.12.0","resolution":"C:\\Users\\BRIAN\\Projects\\React\\amazon-clone\\functions\\node_modules\\firebase-admin\\lib\\index.js"}} {"metadata":{"emulator":{"name":"functions"},"function":{"name":"us-central1-api"},"message":"[runtime-status] [9876] firebase-admin has been stubbed. {\"adminResolution\":{\"declared\":true,\"installed\":true,\"version\":\"9.12.0\",\"resolution\":\"C:\\\\Users\\\\BRIAN\\\\Projects\\\\React\\\\amazon-clone\\\\functions\\\\node_modules\\\\firebase-admin\\\\lib\\\\index.js\"}}"}}
[debug] [2022-01-22T12:45:12.359Z] [runtime-status] [9876] Trigger "us-central1-api" has been found, beginning invocation! {"metadata":{"emulator":{"name":"functions"},"function":{"name":"us-central1-api"},"message":"[runtime-status] [9876] Trigger \"us-central1-api\" has been found, beginning invocation!"}}
[info] i  functions: Beginning execution of "us-central1-api" {"metadata":{"emulator":{"name":"functions"},"function":{"name":"us-central1-api"},"message":"Beginning execution of \"us-central1-api\""}}
[debug] [2022-01-22T12:45:12.361Z] [runtime-status] [9876] triggerDefinition {"httpsTrigger":{},"name":"api","entryPoint":"api","regions":["us-central1"],"region":"us-central1","id":"us-central1-api","platform":"gcfv1"} {"metadata":{"emulator":{"name":"functions"},"function":{"name":"us-central1-api"},"message":"[runtime-status] [9876] triggerDefinition {\"httpsTrigger\":{},\"name\":\"api\",\"entryPoint\":\"api\",\"regions\":[\"us-central1\"],\"region\":\"us-central1\",\"id\":\"us-central1-api\",\"platform\":\"gcfv1\"}"}}
[debug] [2022-01-22T12:45:12.361Z] [runtime-status] [9876] Running us-central1-api in signature http {"metadata":{"emulator":{"name":"functions"},"function":{"name":"us-central1-api"},"message":"[runtime-status] [9876] Running us-central1-api in signature http"}}
[debug] [2022-01-22T12:45:12.366Z] [runtime-status] [9876] Attempting to listen to socketPath: \\?\pipe\C:\Users\BRIAN\Projects\React\amazon-clone\functions\9876 {"metadata":{"emulator":{"name":"functions"},"function":{"name":"us-central1-api"},"message":"[runtime-status] [9876] Attempting to listen to socketPath: \\\\?\\pipe\\C:\\Users\\BRIAN\\Projects\\React\\amazon-clone\\functions\\9876"}}
[debug] [2022-01-22T12:45:12.370Z] [functions] Runtime ready! Sending request! {"metadata":{"emulator":{"name":"functions"},"message":"[functions] Runtime ready! Sending request!"}}
[debug] [2022-01-22T12:45:12.371Z] [functions] Got req.url=/clone-c5504/us-central1/api/payments/create?total=113697, mapping to path=/payments/create?total=113697 {"metadata":{"emulator":{"name":"functions"},"message":"[functions] Got req.url=/clone-c5504/us-central1/api/payments/create?total=113697, mapping to path=/payments/create?total=113697"}}
[debug] [2022-01-22T12:45:12.383Z] [runtime-status] [9876] Ephemeral server handling POST request {"metadata":{"emulator":{"name":"functions"},"function":{"name":"us-central1-api"},"message":"[runtime-status] [9876] Ephemeral server handling POST request"}}
[info] >  Payment received BOOOM!!! : 113697 {"user":"Payment received BOOOM!!! : 113697","metadata":{"emulator":{"name":"functions"},"function":{"name":"us-central1-api"},"message":"\u001b[90m> \u001b[39m Payment received BOOOM!!! : 113697"}}
[debug] [2022-01-22T12:45:12.403Z] [runtime-status] [9876] Ephemeral server survived. {"metadata":{"emulator":{"name":"functions"},"function":{"name":"us-central1-api"},"message":"[runtime-status] [9876] Ephemeral server survived."}}
[info] i  functions: Finished "us-central1-api" in ~1s {"metadata":{"emulator":{"name":"functions"},"function":{"name":"us-central1-api"},"message":"Finished \"us-central1-api\" in ~1s"}}
[debug] [2022-01-22T12:45:13.745Z] [worker-us-central1-api-a64dd65e-cb72-47bf-8848-7f15571125ce]: IDLE {"metadata":{"emulator":{"name":"functions"},"message":"[worker-us-central1-api-a64dd65e-cb72-47bf-8848-7f15571125ce]: IDLE"}}
[debug] [2022-01-22T12:45:13.746Z] [work-queue] {"queueLength":0,"workRunningCount":1}
[warn] !  functions: Your function timed out after ~60s. To configure this timeout, see
      https://firebase.google.com/docs/functions/manage-functions#set_timeout_and_memory_allocation. {"metadata":{"emulator":{"name":"functions"},"function":{"name":"us-central1-api"},"message":"Your function timed out after ~60s. To configure this timeout, see\n      https://firebase.google.com/docs/functions/manage-functions#set_timeout_and_memory_allocation."}}
[info] >  C:\Users\BRIAN\AppData\Roaming\npm\node_modules\firebase-tools\lib\emulator\functionsEmulatorRuntime.js:618 {"user":"C:\\Users\\BRIAN\\AppData\\Roaming\\npm\\node_modules\\firebase-tools\\lib\\emulator\\functionsEmulatorRuntime.js:618\r","metadata":{"emulator":{"name":"functions"},"function":{"name":"us-central1-api"},"message":"\u001b[90m> \u001b[39m C:\\Users\\BRIAN\\AppData\\Roaming\\npm\\node_modules\\firebase-tools\\lib\\emulator\\functionsEmulatorRuntime.js:618\r"}}
[info] >              throw new Error("Function timed out."); {"user":"            throw new Error(\"Function timed out.\");\r","metadata":{"emulator":{"name":"functions"},"function":{"name":"us-central1-api"},"message":"\u001b[90m> \u001b[39m             throw new Error(\"Function timed out.\");\r"}}
[info] >              ^ {"user":"            ^\r","metadata":{"emulator":{"name":"functions"},"function":{"name":"us-central1-api"},"message":"\u001b[90m> \u001b[39m             ^\r"}}
[info] >   {"user":"\r","metadata":{"emulator":{"name":"functions"},"function":{"name":"us-central1-api"},"message":"\u001b[90m> \u001b[39m \r"}}
[info] >  Error: Function timed out. {"user":"Error: Function timed out.\r","metadata":{"emulator":{"name":"functions"},"function":{"name":"us-central1-api"},"message":"\u001b[90m> \u001b[39m Error: Function timed out.\r"}}
[info] >      at Timeout._onTimeout (C:\Users\BRIAN\AppData\Roaming\npm\node_modules\firebase-tools\lib\emulator\functionsEmulatorRuntime.js:618:19) {"user":"    at Timeout._onTimeout (C:\\Users\\BRIAN\\AppData\\Roaming\\npm\\node_modules\\firebase-tools\\lib\\emulator\\functionsEmulatorRuntime.js:618:19)\r","metadata":{"emulator":{"name":"functions"},"function":{"name":"us-central1-api"},"message":"\u001b[90m> \u001b[39m     at Timeout._onTimeout (C:\\Users\\BRIAN\\AppData\\Roaming\\npm\\node_modules\\firebase-tools\\lib\\emulator\\functionsEmulatorRuntime.js:618:19)\r"}}
[info] >      at listOnTimeout (internal/timers.js:554:17) {"user":"    at listOnTimeout (internal/timers.js:554:17)\r","metadata":{"emulator":{"name":"functions"},"function":{"name":"us-central1-api"},"message":"\u001b[90m> \u001b[39m     at listOnTimeout (internal/timers.js:554:17)\r"}}
[info] >      at processTimers (internal/timers.js:497:7) {"user":"    at processTimers (internal/timers.js:497:7)\r","metadata":{"emulator":{"name":"functions"},"function":{"name":"us-central1-api"},"message":"\u001b[90m> \u001b[39m     at processTimers (internal/timers.js:497:7)\r"}}
[debug] [2022-01-22T12:45:34.896Z] [worker-us-central1-api-d5246d2c-a309-4f4b-a069-bea20da9af0c]: exited {"metadata":{"emulator":{"name":"functions"},"message":"[worker-us-central1-api-d5246d2c-a309-4f4b-a069-bea20da9af0c]: exited"}}
[debug] [2022-01-22T12:45:34.897Z] [worker-us-central1-api-d5246d2c-a309-4f4b-a069-bea20da9af0c]: FINISHED {"metadata":{"emulator":{"name":"functions"},"message":"[worker-us-central1-api-d5246d2c-a309-4f4b-a069-bea20da9af0c]: FINISHED"}}
[debug] [2022-01-22T12:45:34.897Z] [work-queue] {"queueLength":0,"workRunningCount":0}
[debug] [2022-01-22T12:45:44.215Z] [work-queue] {"queueLength":1,"workRunningCount":0}
[debug] [2022-01-22T12:45:44.216Z] [work-queue] {"queueLength":0,"workRunningCount":1}
[debug] [2022-01-22T12:45:44.216Z] Accepted request POST /clone-c5504/us-central1/api/payments/create?total=113697 --> us-central1-api
[debug] [2022-01-22T12:45:44.218Z] [worker-pool] Cleaned up workers for us-central1-api: 2 --> 1 {"metadata":{"emulator":{"name":"functions"},"message":"[worker-pool] Cleaned up workers for us-central1-api: 2 --> 1"}}
[debug] [2022-01-22T12:45:44.218Z] [worker-pool] submitWork(triggerId=us-central1-api) {"metadata":{"emulator":{"name":"functions"},"message":"[worker-pool] submitWork(triggerId=us-central1-api)"}}
[debug] [2022-01-22T12:45:44.218Z] [worker-us-central1-api-a64dd65e-cb72-47bf-8848-7f15571125ce]: Assigning socketPath: \\?\pipe\C:\Users\BRIAN\Projects\React\amazon-clone\functions\9876 {"metadata":{"emulator":{"name":"functions"},"message":"[worker-us-central1-api-a64dd65e-cb72-47bf-8848-7f15571125ce]: Assigning socketPath: \\\\?\\pipe\\C:\\Users\\BRIAN\\Projects\\React\\amazon-clone\\functions\\9876"}}
[debug] [2022-01-22T12:45:44.219Z] [worker-us-central1-api-a64dd65e-cb72-47bf-8848-7f15571125ce]: BUSY {"metadata":{"emulator":{"name":"functions"},"message":"[worker-us-central1-api-a64dd65e-cb72-47bf-8848-7f15571125ce]: BUSY"}}
[debug] [2022-01-22T12:45:44.220Z] [runtime-status] [9876] Trigger "us-central1-api" has been found, beginning invocation! {"metadata":{"emulator":{"name":"functions"},"function":{"name":"us-central1-api"},"message":"[runtime-status] [9876] Trigger \"us-central1-api\" has been found, beginning invocation!"}}
[info] i  functions: Beginning execution of "us-central1-api" {"metadata":{"emulator":{"name":"functions"},"function":{"name":"us-central1-api"},"message":"Beginning execution of \"us-central1-api\""}}
[debug] [2022-01-22T12:45:44.222Z] [runtime-status] [9876] triggerDefinition {"httpsTrigger":{},"name":"api","entryPoint":"api","regions":["us-central1"],"region":"us-central1","id":"us-central1-api","platform":"gcfv1"} {"metadata":{"emulator":{"name":"functions"},"function":{"name":"us-central1-api"},"message":"[runtime-status] [9876] triggerDefinition {\"httpsTrigger\":{},\"name\":\"api\",\"entryPoint\":\"api\",\"regions\":[\"us-central1\"],\"region\":\"us-central1\",\"id\":\"us-central1-api\",\"platform\":\"gcfv1\"}"}}
[debug] [2022-01-22T12:45:44.223Z] [runtime-status] [9876] Running us-central1-api in signature http {"metadata":{"emulator":{"name":"functions"},"function":{"name":"us-central1-api"},"message":"[runtime-status] [9876] Running us-central1-api in signature http"}}
[debug] [2022-01-22T12:45:44.223Z] [runtime-status] [9876] Attempting to listen to socketPath: \\?\pipe\C:\Users\BRIAN\Projects\React\amazon-clone\functions\9876 {"metadata":{"emulator":{"name":"functions"},"function":{"name":"us-central1-api"},"message":"[runtime-status] [9876] Attempting to listen to socketPath: \\\\?\\pipe\\C:\\Users\\BRIAN\\Projects\\React\\amazon-clone\\functions\\9876"}}
[debug] [2022-01-22T12:45:44.226Z] [functions] Runtime ready! Sending request! {"metadata":{"emulator":{"name":"functions"},"message":"[functions] Runtime ready! Sending request!"}}
[debug] [2022-01-22T12:45:44.226Z] [functions] Got req.url=/clone-c5504/us-central1/api/payments/create?total=113697, mapping to path=/payments/create?total=113697 {"metadata":{"emulator":{"name":"functions"},"message":"[functions] Got req.url=/clone-c5504/us-central1/api/payments/create?total=113697, mapping to path=/payments/create?total=113697"}}
[debug] [2022-01-22T12:45:44.233Z] [runtime-status] [9876] Ephemeral server handling POST request {"metadata":{"emulator":{"name":"functions"},"function":{"name":"us-central1-api"},"message":"[runtime-status] [9876] Ephemeral server handling POST request"}}
[info] >  Payment received BOOOM!!! : 113697 {"user":"Payment received BOOOM!!! : 113697","metadata":{"emulator":{"name":"functions"},"function":{"name":"us-central1-api"},"message":"\u001b[90m> \u001b[39m Payment received BOOOM!!! : 113697"}}
[debug] [2022-01-22T12:45:44.236Z] [runtime-status] [9876] Ephemeral server survived. {"metadata":{"emulator":{"name":"functions"},"function":{"name":"us-central1-api"},"message":"[runtime-status] [9876] Ephemeral server survived."}}
[info] i  functions: Finished "us-central1-api" in ~1s {"metadata":{"emulator":{"name":"functions"},"function":{"name":"us-central1-api"},"message":"Finished \"us-central1-api\" in ~1s"}}
[debug] [2022-01-22T12:45:44.777Z] [worker-us-central1-api-a64dd65e-cb72-47bf-8848-7f15571125ce]: IDLE {"metadata":{"emulator":{"name":"functions"},"message":"[worker-us-central1-api-a64dd65e-cb72-47bf-8848-7f15571125ce]: IDLE"}}
[debug] [2022-01-22T12:45:44.778Z] [work-queue] {"queueLength":0,"workRunningCount":0}
[debug] [2022-01-22T12:59:41.205Z] [work-queue] {"queueLength":1,"workRunningCount":0}
[debug] [2022-01-22T12:59:41.206Z] [work-queue] {"queueLength":0,"workRunningCount":1}
[debug] [2022-01-22T12:59:41.206Z] Accepted request POST /clone-c5504/us-central1/api/payments/create?total=102794 --> us-central1-api
[debug] [2022-01-22T12:59:41.207Z] [worker-pool] submitWork(triggerId=us-central1-api) {"metadata":{"emulator":{"name":"functions"},"message":"[worker-pool] submitWork(triggerId=us-central1-api)"}}
[debug] [2022-01-22T12:59:41.207Z] [worker-us-central1-api-a64dd65e-cb72-47bf-8848-7f15571125ce]: Assigning socketPath: \\?\pipe\C:\Users\BRIAN\Projects\React\amazon-clone\functions\9876 {"metadata":{"emulator":{"name":"functions"},"message":"[worker-us-central1-api-a64dd65e-cb72-47bf-8848-7f15571125ce]: Assigning socketPath: \\\\?\\pipe\\C:\\Users\\BRIAN\\Projects\\React\\amazon-clone\\functions\\9876"}}
[debug] [2022-01-22T12:59:41.207Z] [worker-us-central1-api-a64dd65e-cb72-47bf-8848-7f15571125ce]: BUSY {"metadata":{"emulator":{"name":"functions"},"message":"[worker-us-central1-api-a64dd65e-cb72-47bf-8848-7f15571125ce]: BUSY"}}
[debug] [2022-01-22T12:59:41.208Z] [runtime-status] [9876] Trigger "us-central1-api" has been found, beginning invocation! {"metadata":{"emulator":{"name":"functions"},"function":{"name":"us-central1-api"},"message":"[runtime-status] [9876] Trigger \"us-central1-api\" has been found, beginning invocation!"}}
[info] i  functions: Beginning execution of "us-central1-api" {"metadata":{"emulator":{"name":"functions"},"function":{"name":"us-central1-api"},"message":"Beginning execution of \"us-central1-api\""}}
[debug] [2022-01-22T12:59:41.214Z] [runtime-status] [9876] triggerDefinition {"httpsTrigger":{},"name":"api","entryPoint":"api","regions":["us-central1"],"region":"us-central1","id":"us-central1-api","platform":"gcfv1"} {"metadata":{"emulator":{"name":"functions"},"function":{"name":"us-central1-api"},"message":"[runtime-status] [9876] triggerDefinition {\"httpsTrigger\":{},\"name\":\"api\",\"entryPoint\":\"api\",\"regions\":[\"us-central1\"],\"region\":\"us-central1\",\"id\":\"us-central1-api\",\"platform\":\"gcfv1\"}"}}
[debug] [2022-01-22T12:59:41.214Z] [runtime-status] [9876] Running us-central1-api in signature http {"metadata":{"emulator":{"name":"functions"},"function":{"name":"us-central1-api"},"message":"[runtime-status] [9876] Running us-central1-api in signature http"}}
[debug] [2022-01-22T12:59:41.215Z] [runtime-status] [9876] Attempting to listen to socketPath: \\?\pipe\C:\Users\BRIAN\Projects\React\amazon-clone\functions\9876 {"metadata":{"emulator":{"name":"functions"},"function":{"name":"us-central1-api"},"message":"[runtime-status] [9876] Attempting to listen to socketPath: \\\\?\\pipe\\C:\\Users\\BRIAN\\Projects\\React\\amazon-clone\\functions\\9876"}}
[debug] [2022-01-22T12:59:41.217Z] [functions] Runtime ready! Sending request! {"metadata":{"emulator":{"name":"functions"},"message":"[functions] Runtime ready! Sending request!"}}
[debug] [2022-01-22T12:59:41.217Z] [functions] Got req.url=/clone-c5504/us-central1/api/payments/create?total=102794, mapping to path=/payments/create?total=102794 {"metadata":{"emulator":{"name":"functions"},"message":"[functions] Got req.url=/clone-c5504/us-central1/api/payments/create?total=102794, mapping to path=/payments/create?total=102794"}}
[debug] [2022-01-22T12:59:41.223Z] [runtime-status] [9876] Ephemeral server handling POST request {"metadata":{"emulator":{"name":"functions"},"function":{"name":"us-central1-api"},"message":"[runtime-status] [9876] Ephemeral server handling POST request"}}
[info] >  Payment received BOOOM!!! : 102794 {"user":"Payment received BOOOM!!! : 102794","metadata":{"emulator":{"name":"functions"},"function":{"name":"us-central1-api"},"message":"\u001b[90m> \u001b[39m Payment received BOOOM!!! : 102794"}}
[debug] [2022-01-22T12:59:41.227Z] [runtime-status] [9876] Ephemeral server survived. {"metadata":{"emulator":{"name":"functions"},"function":{"name":"us-central1-api"},"message":"[runtime-status] [9876] Ephemeral server survived."}}
[info] i  functions: Finished "us-central1-api" in ~1s {"metadata":{"emulator":{"name":"functions"},"function":{"name":"us-central1-api"},"message":"Finished \"us-central1-api\" in ~1s"}}
[debug] [2022-01-22T12:59:42.675Z] [worker-us-central1-api-a64dd65e-cb72-47bf-8848-7f15571125ce]: IDLE {"metadata":{"emulator":{"name":"functions"},"message":"[worker-us-central1-api-a64dd65e-cb72-47bf-8848-7f15571125ce]: IDLE"}}
[debug] [2022-01-22T12:59:42.675Z] [work-queue] {"queueLength":0,"workRunningCount":0}
[debug] [2022-01-22T13:31:18.340Z] [work-queue] {"queueLength":1,"workRunningCount":0}
[debug] [2022-01-22T13:31:18.340Z] [work-queue] {"queueLength":0,"workRunningCount":1}
[debug] [2022-01-22T13:31:18.340Z] Accepted request POST /clone-c5504/us-central1/api/payments/create?total=199295 --> us-central1-api
[debug] [2022-01-22T13:31:18.341Z] [worker-pool] submitWork(triggerId=us-central1-api) {"metadata":{"emulator":{"name":"functions"},"message":"[worker-pool] submitWork(triggerId=us-central1-api)"}}
[debug] [2022-01-22T13:31:18.341Z] [worker-us-central1-api-a64dd65e-cb72-47bf-8848-7f15571125ce]: Assigning socketPath: \\?\pipe\C:\Users\BRIAN\Projects\React\amazon-clone\functions\9876 {"metadata":{"emulator":{"name":"functions"},"message":"[worker-us-central1-api-a64dd65e-cb72-47bf-8848-7f15571125ce]: Assigning socketPath: \\\\?\\pipe\\C:\\Users\\BRIAN\\Projects\\React\\amazon-clone\\functions\\9876"}}
[debug] [2022-01-22T13:31:18.341Z] [worker-us-central1-api-a64dd65e-cb72-47bf-8848-7f15571125ce]: BUSY {"metadata":{"emulator":{"name":"functions"},"message":"[worker-us-central1-api-a64dd65e-cb72-47bf-8848-7f15571125ce]: BUSY"}}
[debug] [2022-01-22T13:31:18.342Z] [runtime-status] [9876] Trigger "us-central1-api" has been found, beginning invocation! {"metadata":{"emulator":{"name":"functions"},"function":{"name":"us-central1-api"},"message":"[runtime-status] [9876] Trigger \"us-central1-api\" has been found, beginning invocation!"}}
[info] i  functions: Beginning execution of "us-central1-api" {"metadata":{"emulator":{"name":"functions"},"function":{"name":"us-central1-api"},"message":"Beginning execution of \"us-central1-api\""}}
[debug] [2022-01-22T13:31:18.347Z] [runtime-status] [9876] triggerDefinition {"httpsTrigger":{},"name":"api","entryPoint":"api","regions":["us-central1"],"region":"us-central1","id":"us-central1-api","platform":"gcfv1"} {"metadata":{"emulator":{"name":"functions"},"function":{"name":"us-central1-api"},"message":"[runtime-status] [9876] triggerDefinition {\"httpsTrigger\":{},\"name\":\"api\",\"entryPoint\":\"api\",\"regions\":[\"us-central1\"],\"region\":\"us-central1\",\"id\":\"us-central1-api\",\"platform\":\"gcfv1\"}"}}
[debug] [2022-01-22T13:31:18.348Z] [runtime-status] [9876] Running us-central1-api in signature http {"metadata":{"emulator":{"name":"functions"},"function":{"name":"us-central1-api"},"message":"[runtime-status] [9876] Running us-central1-api in signature http"}}
[debug] [2022-01-22T13:31:18.349Z] [runtime-status] [9876] Attempting to listen to socketPath: \\?\pipe\C:\Users\BRIAN\Projects\React\amazon-clone\functions\9876 {"metadata":{"emulator":{"name":"functions"},"function":{"name":"us-central1-api"},"message":"[runtime-status] [9876] Attempting to listen to socketPath: \\\\?\\pipe\\C:\\Users\\BRIAN\\Projects\\React\\amazon-clone\\functions\\9876"}}
[debug] [2022-01-22T13:31:18.351Z] [functions] Runtime ready! Sending request! {"metadata":{"emulator":{"name":"functions"},"message":"[functions] Runtime ready! Sending request!"}}
[debug] [2022-01-22T13:31:18.352Z] [functions] Got req.url=/clone-c5504/us-central1/api/payments/create?total=199295, mapping to path=/payments/create?total=199295 {"metadata":{"emulator":{"name":"functions"},"message":"[functions] Got req.url=/clone-c5504/us-central1/api/payments/create?total=199295, mapping to path=/payments/create?total=199295"}}
[debug] [2022-01-22T13:31:18.356Z] [runtime-status] [9876] Ephemeral server handling POST request {"metadata":{"emulator":{"name":"functions"},"function":{"name":"us-central1-api"},"message":"[runtime-status] [9876] Ephemeral server handling POST request"}}
[info] >  Payment received BOOOM!!! : 199295 {"user":"Payment received BOOOM!!! : 199295","metadata":{"emulator":{"name":"functions"},"function":{"name":"us-central1-api"},"message":"\u001b[90m> \u001b[39m Payment received BOOOM!!! : 199295"}}
[debug] [2022-01-22T13:31:18.359Z] [runtime-status] [9876] Ephemeral server survived. {"metadata":{"emulator":{"name":"functions"},"function":{"name":"us-central1-api"},"message":"[runtime-status] [9876] Ephemeral server survived."}}
[info] i  functions: Finished "us-central1-api" in ~1s {"metadata":{"emulator":{"name":"functions"},"function":{"name":"us-central1-api"},"message":"Finished \"us-central1-api\" in ~1s"}}
[debug] [2022-01-22T13:31:19.594Z] [worker-us-central1-api-a64dd65e-cb72-47bf-8848-7f15571125ce]: IDLE {"metadata":{"emulator":{"name":"functions"},"message":"[worker-us-central1-api-a64dd65e-cb72-47bf-8848-7f15571125ce]: IDLE"}}
[debug] [2022-01-22T13:31:19.595Z] [work-queue] {"queueLength":0,"workRunningCount":0}
[debug] [2022-01-22T13:34:35.623Z] [work-queue] {"queueLength":1,"workRunningCount":0}
[debug] [2022-01-22T13:34:35.623Z] [work-queue] {"queueLength":0,"workRunningCount":1}
[debug] [2022-01-22T13:34:35.623Z] Accepted request POST /clone-c5504/us-central1/api/payments/create?total=84995 --> us-central1-api
[debug] [2022-01-22T13:34:35.624Z] [worker-pool] submitWork(triggerId=us-central1-api) {"metadata":{"emulator":{"name":"functions"},"message":"[worker-pool] submitWork(triggerId=us-central1-api)"}}
[debug] [2022-01-22T13:34:35.625Z] [worker-us-central1-api-a64dd65e-cb72-47bf-8848-7f15571125ce]: Assigning socketPath: \\?\pipe\C:\Users\BRIAN\Projects\React\amazon-clone\functions\9876 {"metadata":{"emulator":{"name":"functions"},"message":"[worker-us-central1-api-a64dd65e-cb72-47bf-8848-7f15571125ce]: Assigning socketPath: \\\\?\\pipe\\C:\\Users\\BRIAN\\Projects\\React\\amazon-clone\\functions\\9876"}}
[debug] [2022-01-22T13:34:35.625Z] [worker-us-central1-api-a64dd65e-cb72-47bf-8848-7f15571125ce]: BUSY {"metadata":{"emulator":{"name":"functions"},"message":"[worker-us-central1-api-a64dd65e-cb72-47bf-8848-7f15571125ce]: BUSY"}}
[debug] [2022-01-22T13:34:35.626Z] [runtime-status] [9876] Trigger "us-central1-api" has been found, beginning invocation! {"metadata":{"emulator":{"name":"functions"},"function":{"name":"us-central1-api"},"message":"[runtime-status] [9876] Trigger \"us-central1-api\" has been found, beginning invocation!"}}
[info] i  functions: Beginning execution of "us-central1-api" {"metadata":{"emulator":{"name":"functions"},"function":{"name":"us-central1-api"},"message":"Beginning execution of \"us-central1-api\""}}
[debug] [2022-01-22T13:34:35.629Z] [runtime-status] [9876] triggerDefinition {"httpsTrigger":{},"name":"api","entryPoint":"api","regions":["us-central1"],"region":"us-central1","id":"us-central1-api","platform":"gcfv1"} {"metadata":{"emulator":{"name":"functions"},"function":{"name":"us-central1-api"},"message":"[runtime-status] [9876] triggerDefinition {\"httpsTrigger\":{},\"name\":\"api\",\"entryPoint\":\"api\",\"regions\":[\"us-central1\"],\"region\":\"us-central1\",\"id\":\"us-central1-api\",\"platform\":\"gcfv1\"}"}}
[debug] [2022-01-22T13:34:35.630Z] [runtime-status] [9876] Running us-central1-api in signature http {"metadata":{"emulator":{"name":"functions"},"function":{"name":"us-central1-api"},"message":"[runtime-status] [9876] Running us-central1-api in signature http"}}
[debug] [2022-01-22T13:34:35.630Z] [runtime-status] [9876] Attempting to listen to socketPath: \\?\pipe\C:\Users\BRIAN\Projects\React\amazon-clone\functions\9876 {"metadata":{"emulator":{"name":"functions"},"function":{"name":"us-central1-api"},"message":"[runtime-status] [9876] Attempting to listen to socketPath: \\\\?\\pipe\\C:\\Users\\BRIAN\\Projects\\React\\amazon-clone\\functions\\9876"}}
[debug] [2022-01-22T13:34:35.633Z] [functions] Runtime ready! Sending request! {"metadata":{"emulator":{"name":"functions"},"message":"[functions] Runtime ready! Sending request!"}}
[debug] [2022-01-22T13:34:35.633Z] [functions] Got req.url=/clone-c5504/us-central1/api/payments/create?total=84995, mapping to path=/payments/create?total=84995 {"metadata":{"emulator":{"name":"functions"},"message":"[functions] Got req.url=/clone-c5504/us-central1/api/payments/create?total=84995, mapping to path=/payments/create?total=84995"}}
[debug] [2022-01-22T13:34:35.638Z] [runtime-status] [9876] Ephemeral server handling POST request {"metadata":{"emulator":{"name":"functions"},"function":{"name":"us-central1-api"},"message":"[runtime-status] [9876] Ephemeral server handling POST request"}}
[info] >  Payment received BOOOM!!! : 84995 {"user":"Payment received BOOOM!!! : 84995","metadata":{"emulator":{"name":"functions"},"function":{"name":"us-central1-api"},"message":"\u001b[90m> \u001b[39m Payment received BOOOM!!! : 84995"}}
[debug] [2022-01-22T13:34:35.641Z] [runtime-status] [9876] Ephemeral server survived. {"metadata":{"emulator":{"name":"functions"},"function":{"name":"us-central1-api"},"message":"[runtime-status] [9876] Ephemeral server survived."}}
[info] i  functions: Finished "us-central1-api" in ~1s {"metadata":{"emulator":{"name":"functions"},"function":{"name":"us-central1-api"},"message":"Finished \"us-central1-api\" in ~1s"}}
[debug] [2022-01-22T13:34:36.830Z] [worker-us-central1-api-a64dd65e-cb72-47bf-8848-7f15571125ce]: IDLE {"metadata":{"emulator":{"name":"functions"},"message":"[worker-us-central1-api-a64dd65e-cb72-47bf-8848-7f15571125ce]: IDLE"}}
[debug] [2022-01-22T13:34:36.831Z] [work-queue] {"queueLength":0,"workRunningCount":0}
[debug] [2022-01-22T13:58:55.699Z] [work-queue] {"queueLength":1,"workRunningCount":0}
[debug] [2022-01-22T13:58:55.700Z] [work-queue] {"queueLength":0,"workRunningCount":1}
[debug] [2022-01-22T13:58:55.700Z] Accepted request POST /clone-c5504/us-central1/api/payments/create?total=1196 --> us-central1-api
[debug] [2022-01-22T13:58:55.701Z] [worker-pool] submitWork(triggerId=us-central1-api) {"metadata":{"emulator":{"name":"functions"},"message":"[worker-pool] submitWork(triggerId=us-central1-api)"}}
[debug] [2022-01-22T13:58:55.701Z] [worker-us-central1-api-a64dd65e-cb72-47bf-8848-7f15571125ce]: Assigning socketPath: \\?\pipe\C:\Users\BRIAN\Projects\React\amazon-clone\functions\9876 {"metadata":{"emulator":{"name":"functions"},"message":"[worker-us-central1-api-a64dd65e-cb72-47bf-8848-7f15571125ce]: Assigning socketPath: \\\\?\\pipe\\C:\\Users\\BRIAN\\Projects\\React\\amazon-clone\\functions\\9876"}}
[debug] [2022-01-22T13:58:55.701Z] [worker-us-central1-api-a64dd65e-cb72-47bf-8848-7f15571125ce]: BUSY {"metadata":{"emulator":{"name":"functions"},"message":"[worker-us-central1-api-a64dd65e-cb72-47bf-8848-7f15571125ce]: BUSY"}}
[debug] [2022-01-22T13:58:55.704Z] [runtime-status] [9876] Trigger "us-central1-api" has been found, beginning invocation! {"metadata":{"emulator":{"name":"functions"},"function":{"name":"us-central1-api"},"message":"[runtime-status] [9876] Trigger \"us-central1-api\" has been found, beginning invocation!"}}
[info] i  functions: Beginning execution of "us-central1-api" {"metadata":{"emulator":{"name":"functions"},"function":{"name":"us-central1-api"},"message":"Beginning execution of \"us-central1-api\""}}
[debug] [2022-01-22T13:58:55.712Z] [runtime-status] [9876] triggerDefinition {"httpsTrigger":{},"name":"api","entryPoint":"api","regions":["us-central1"],"region":"us-central1","id":"us-central1-api","platform":"gcfv1"} {"metadata":{"emulator":{"name":"functions"},"function":{"name":"us-central1-api"},"message":"[runtime-status] [9876] triggerDefinition {\"httpsTrigger\":{},\"name\":\"api\",\"entryPoint\":\"api\",\"regions\":[\"us-central1\"],\"region\":\"us-central1\",\"id\":\"us-central1-api\",\"platform\":\"gcfv1\"}"}}
[debug] [2022-01-22T13:58:55.713Z] [runtime-status] [9876] Running us-central1-api in signature http {"metadata":{"emulator":{"name":"functions"},"function":{"name":"us-central1-api"},"message":"[runtime-status] [9876] Running us-central1-api in signature http"}}
[debug] [2022-01-22T13:58:55.714Z] [runtime-status] [9876] Attempting to listen to socketPath: \\?\pipe\C:\Users\BRIAN\Projects\React\amazon-clone\functions\9876 {"metadata":{"emulator":{"name":"functions"},"function":{"name":"us-central1-api"},"message":"[runtime-status] [9876] Attempting to listen to socketPath: \\\\?\\pipe\\C:\\Users\\BRIAN\\Projects\\React\\amazon-clone\\functions\\9876"}}
[debug] [2022-01-22T13:58:55.716Z] [functions] Runtime ready! Sending request! {"metadata":{"emulator":{"name":"functions"},"message":"[functions] Runtime ready! Sending request!"}}
[debug] [2022-01-22T13:58:55.716Z] [functions] Got req.url=/clone-c5504/us-central1/api/payments/create?total=1196, mapping to path=/payments/create?total=1196 {"metadata":{"emulator":{"name":"functions"},"message":"[functions] Got req.url=/clone-c5504/us-central1/api/payments/create?total=1196, mapping to path=/payments/create?total=1196"}}
[debug] [2022-01-22T13:58:55.721Z] [runtime-status] [9876] Ephemeral server handling POST request {"metadata":{"emulator":{"name":"functions"},"function":{"name":"us-central1-api"},"message":"[runtime-status] [9876] Ephemeral server handling POST request"}}
[info] >  Payment received BOOOM!!! : 1196 {"user":"Payment received BOOOM!!! : 1196","metadata":{"emulator":{"name":"functions"},"function":{"name":"us-central1-api"},"message":"\u001b[90m> \u001b[39m Payment received BOOOM!!! : 1196"}}
[debug] [2022-01-22T13:58:55.725Z] [runtime-status] [9876] Ephemeral server survived. {"metadata":{"emulator":{"name":"functions"},"function":{"name":"us-central1-api"},"message":"[runtime-status] [9876] Ephemeral server survived."}}
[info] i  functions: Finished "us-central1-api" in ~1s {"metadata":{"emulator":{"name":"functions"},"function":{"name":"us-central1-api"},"message":"Finished \"us-central1-api\" in ~1s"}}
[debug] [2022-01-22T13:58:56.924Z] [worker-us-central1-api-a64dd65e-cb72-47bf-8848-7f15571125ce]: IDLE {"metadata":{"emulator":{"name":"functions"},"message":"[worker-us-central1-api-a64dd65e-cb72-47bf-8848-7f15571125ce]: IDLE"}}
[debug] [2022-01-22T13:58:56.924Z] [work-queue] {"queueLength":0,"workRunningCount":0}
[debug] [2022-01-23T17:20:39.834Z] [worker-us-central1-api-a64dd65e-cb72-47bf-8848-7f15571125ce]: exited {"metadata":{"emulator":{"name":"functions"},"message":"[worker-us-central1-api-a64dd65e-cb72-47bf-8848-7f15571125ce]: exited"}}
[debug] [2022-01-23T17:20:39.834Z] [worker-us-central1-api-a64dd65e-cb72-47bf-8848-7f15571125ce]: FINISHED {"metadata":{"emulator":{"name":"functions"},"message":"[worker-us-central1-api-a64dd65e-cb72-47bf-8848-7f15571125ce]: FINISHED"}}
[debug] [2022-01-23T17:20:39.853Z] [worker-~diagnostic~-32fd6747-e2b3-42b1-9bfa-7c4079faa4e4]: exited {"metadata":{"emulator":{"name":"functions"},"message":"[worker-~diagnostic~-32fd6747-e2b3-42b1-9bfa-7c4079faa4e4]: exited"}}
